# JRE version: OpenJDK Runtime Environment Temurin-21.0.9+10 (21.0.9+10) (build 21.0.9+10-LTS)
# Java VM: OpenJDK 64-Bit Server VM Temurin-21.0.9+10 (21.0.9+10-LTS, mixed mode, sharing, tiered, compressed oops, compressed class ptrs, parallel gc, windows-amd64)
GC Precious Log:
 CardTable entry size: 512
 CPUs: 8 total, 8 available
 Memory: 8035M
 Large Page Support: Disabled
 NUMA Support: Disabled
 Compressed Oops: Enabled (32-bit)
 Alignments: Space 512K, Generation 512K, Heap 2M
 Heap Min Capacity: 100M
 Heap Initial Capacity: 100M
 Heap Max Capacity: 2G
 Pre-touch: Disabled
 Parallel Workers: 8
Heap:
 PSYoungGen      total 3584K, used 986K [0x00000000d5580000, 0x00000000d5c80000, 0x0000000100000000)
  eden space 3072K, 20% used [0x00000000d5580000,0x00000000d561ea00,0x00000000d5880000)
  from space 512K, 68% used [0x00000000d5c00000,0x00000000d5c58000,0x00000000d5c80000)
  to   space 512K, 0% used [0x00000000d5b80000,0x00000000d5b80000,0x00000000d5c00000)
 ParOldGen       total 1146880K, used 1146650K [0x0000000080000000, 0x00000000c6000000, 0x00000000d5580000)
  object space 1146880K, 99% used [0x0000000080000000,0x00000000c5fc6b80,0x00000000c6000000)
 Metaspace       used 86915K, committed 88640K, reserved 1179648K
  class space    used 8941K, committed 9728K, reserved 1048576K
GC Heap History (20 events):
Event: 2733.568 GC heap before
{Heap before GC invocations=2614 (full 4):
 PSYoungGen      total 3072K, used 2610K [0x00000000d5580000, 0x00000000d5a00000, 0x0000000100000000)
  eden space 1536K, 100% used [0x00000000d5580000,0x00000000d5700000,0x00000000d5700000)
  from space 1536K, 69% used [0x00000000d5880000,0x00000000d598cb78,0x00000000d5a00000)
  to   space 1536K, 0% used [0x00000000d5700000,0x00000000d5700000,0x00000000d5880000)
 ParOldGen       total 1132544K, used 1132293K [0x0000000080000000, 0x00000000c5200000, 0x00000000d5580000)
  object space 1132544K, 99% used [0x0000000080000000,0x00000000c51c1608,0x00000000c5200000)
 Metaspace       used 86890K, committed 88640K, reserved 1179648K
  class space    used 8940K, committed 9728K, reserved 1048576K
}
Event: 2733.575 GC heap after
{Heap after GC invocations=2614 (full 4):
 PSYoungGen      total 3072K, used 1530K [0x00000000d5580000, 0x00000000d5d80000, 0x0000000100000000)
  eden space 1536K, 0% used [0x00000000d5580000,0x00000000d5580000,0x00000000d5700000)
  from space 1536K, 99% used [0x00000000d5700000,0x00000000d587e8a8,0x00000000d5880000)
  to   space 3072K, 0% used [0x00000000d5a80000,0x00000000d5a80000,0x00000000d5d80000)
 ParOldGen       total 1133568K, used 1133282K [0x0000000080000000, 0x00000000c5300000, 0x00000000d5580000)
  object space 1133568K, 99% used [0x0000000080000000,0x00000000c52b8a80,0x00000000c5300000)
 Metaspace       used 86890K, committed 88640K, reserved 1179648K
  class space    used 8940K, committed 9728K, reserved 1048576K
}
Event: 2733.607 GC heap before
{Heap before GC invocations=2615 (full 4):
 PSYoungGen      total 3072K, used 3066K [0x00000000d5580000, 0x00000000d5d80000, 0x0000000100000000)
  eden space 1536K, 100% used [0x00000000d5580000,0x00000000d5700000,0x00000000d5700000)
  from space 1536K, 99% used [0x00000000d5700000,0x00000000d587e8a8,0x00000000d5880000)
  to   space 3072K, 0% used [0x00000000d5a80000,0x00000000d5a80000,0x00000000d5d80000)
 ParOldGen       total 1133568K, used 1133282K [0x0000000080000000, 0x00000000c5300000, 0x00000000d5580000)
  object space 1133568K, 99% used [0x0000000080000000,0x00000000c52b8a80,0x00000000c5300000)
 Metaspace       used 86891K, committed 88640K, reserved 1179648K
  class space    used 8940K, committed 9728K, reserved 1048576K
}
Event: 2733.614 GC heap after
{Heap after GC invocations=2615 (full 4):
 PSYoungGen      total 3072K, used 841K [0x00000000d5580000, 0x00000000d5b80000, 0x0000000100000000)
  eden space 2048K, 0% used [0x00000000d5580000,0x00000000d5580000,0x00000000d5780000)
  from space 1024K, 82% used [0x00000000d5a80000,0x00000000d5b52520,0x00000000d5b80000)
  to   space 1536K, 0% used [0x00000000d5880000,0x00000000d5880000,0x00000000d5a00000)
 ParOldGen       total 1135104K, used 1134777K [0x0000000080000000, 0x00000000c5480000, 0x00000000d5580000)
  object space 1135104K, 99% used [0x0000000080000000,0x00000000c542e690,0x00000000c5480000)
 Metaspace       used 86891K, committed 88640K, reserved 1179648K
  class space    used 8940K, committed 9728K, reserved 1048576K
}
Event: 2733.644 GC heap before
{Heap before GC invocations=2616 (full 4):
 PSYoungGen      total 3072K, used 2889K [0x00000000d5580000, 0x00000000d5b80000, 0x0000000100000000)
  eden space 2048K, 100% used [0x00000000d5580000,0x00000000d5780000,0x00000000d5780000)
  from space 1024K, 82% used [0x00000000d5a80000,0x00000000d5b52520,0x00000000d5b80000)
  to   space 1536K, 0% used [0x00000000d5880000,0x00000000d5880000,0x00000000d5a00000)
 ParOldGen       total 1135104K, used 1134777K [0x0000000080000000, 0x00000000c5480000, 0x00000000d5580000)
  object space 1135104K, 99% used [0x0000000080000000,0x00000000c542e690,0x00000000c5480000)
 Metaspace       used 86891K, committed 88640K, reserved 1179648K
  class space    used 8940K, committed 9728K, reserved 1048576K
}
Event: 2733.651 GC heap after
{Heap after GC invocations=2616 (full 4):
 PSYoungGen      total 4096K, used 1536K [0x00000000d5580000, 0x00000000d5d00000, 0x0000000100000000)
  eden space 2560K, 0% used [0x00000000d5580000,0x00000000d5580000,0x00000000d5800000)
  from space 1536K, 100% used [0x00000000d5880000,0x00000000d5a00000,0x00000000d5a00000)
  to   space 2560K, 0% used [0x00000000d5a80000,0x00000000d5a80000,0x00000000d5d00000)
 ParOldGen       total 1135616K, used 1135529K [0x0000000080000000, 0x00000000c5500000, 0x00000000d5580000)
  object space 1135616K, 99% used [0x0000000080000000,0x00000000c54ea690,0x00000000c5500000)
 Metaspace       used 86891K, committed 88640K, reserved 1179648K
  class space    used 8940K, committed 9728K, reserved 1048576K
}
Event: 2733.685 GC heap before
{Heap before GC invocations=2617 (full 4):
 PSYoungGen      total 4096K, used 4096K [0x00000000d5580000, 0x00000000d5d00000, 0x0000000100000000)
  eden space 2560K, 100% used [0x00000000d5580000,0x00000000d5800000,0x00000000d5800000)
  from space 1536K, 100% used [0x00000000d5880000,0x00000000d5a00000,0x00000000d5a00000)
  to   space 2560K, 0% used [0x00000000d5a80000,0x00000000d5a80000,0x00000000d5d00000)
 ParOldGen       total 1135616K, used 1135529K [0x0000000080000000, 0x00000000c5500000, 0x00000000d5580000)
  object space 1135616K, 99% used [0x0000000080000000,0x00000000c54ea690,0x00000000c5500000)
 Metaspace       used 86894K, committed 88640K, reserved 1179648K
  class space    used 8940K, committed 9728K, reserved 1048576K
}
Event: 2733.694 GC heap after
{Heap after GC invocations=2617 (full 4):
 PSYoungGen      total 5120K, used 2272K [0x00000000d5580000, 0x00000000d5d80000, 0x0000000100000000)
  eden space 2560K, 0% used [0x00000000d5580000,0x00000000d5580000,0x00000000d5800000)
  from space 2560K, 88% used [0x00000000d5a80000,0x00000000d5cb8000,0x00000000d5d00000)
  to   space 2560K, 0% used [0x00000000d5800000,0x00000000d5800000,0x00000000d5a80000)
 ParOldGen       total 1137152K, used 1137073K [0x0000000080000000, 0x00000000c5680000, 0x00000000d5580000)
  object space 1137152K, 99% used [0x0000000080000000,0x00000000c566c690,0x00000000c5680000)
 Metaspace       used 86894K, committed 88640K, reserved 1179648K
  class space    used 8940K, committed 9728K, reserved 1048576K
}
Event: 2733.864 GC heap before
{Heap before GC invocations=2618 (full 4):
 PSYoungGen      total 5120K, used 4831K [0x00000000d5580000, 0x00000000d5d80000, 0x0000000100000000)
  eden space 2560K, 99% used [0x00000000d5580000,0x00000000d57fffd8,0x00000000d5800000)
  from space 2560K, 88% used [0x00000000d5a80000,0x00000000d5cb8000,0x00000000d5d00000)
  to   space 2560K, 0% used [0x00000000d5800000,0x00000000d5800000,0x00000000d5a80000)
 ParOldGen       total 1137152K, used 1137073K [0x0000000080000000, 0x00000000c5680000, 0x00000000d5580000)
  object space 1137152K, 99% used [0x0000000080000000,0x00000000c566c690,0x00000000c5680000)
 Metaspace       used 86894K, committed 88640K, reserved 1179648K
  class space    used 8940K, committed 9728K, reserved 1048576K
}
Event: 2733.877 GC heap after
{Heap after GC invocations=2618 (full 4):
 PSYoungGen      total 5120K, used 2560K [0x00000000d5580000, 0x00000000d6380000, 0x0000000100000000)
  eden space 2560K, 0% used [0x00000000d5580000,0x00000000d5580000,0x00000000d5800000)
  from space 2560K, 100% used [0x00000000d5800000,0x00000000d5a80000,0x00000000d5a80000)
  to   space 5632K, 0% used [0x00000000d5e00000,0x00000000d5e00000,0x00000000d6380000)
 ParOldGen       total 1139712K, used 1139337K [0x0000000080000000, 0x00000000c5900000, 0x00000000d5580000)
  object space 1139712K, 99% used [0x0000000080000000,0x00000000c58a2690,0x00000000c5900000)
 Metaspace       used 86894K, committed 88640K, reserved 1179648K
  class space    used 8940K, committed 9728K, reserved 1048576K
}
Event: 2733.926 GC heap before
{Heap before GC invocations=2619 (full 4):
 PSYoungGen      total 5120K, used 5120K [0x00000000d5580000, 0x00000000d6380000, 0x0000000100000000)
  eden space 2560K, 100% used [0x00000000d5580000,0x00000000d5800000,0x00000000d5800000)
  from space 2560K, 100% used [0x00000000d5800000,0x00000000d5a80000,0x00000000d5a80000)
  to   space 5632K, 0% used [0x00000000d5e00000,0x00000000d5e00000,0x00000000d6380000)
 ParOldGen       total 1139712K, used 1139337K [0x0000000080000000, 0x00000000c5900000, 0x00000000d5580000)
  object space 1139712K, 99% used [0x0000000080000000,0x00000000c58a2690,0x00000000c5900000)
 Metaspace       used 86894K, committed 88640K, reserved 1179648K
  class space    used 8940K, committed 9728K, reserved 1048576K
}
Event: 2733.939 GC heap after
{Heap after GC invocations=2619 (full 4):
 PSYoungGen      total 5632K, used 2392K [0x00000000d5580000, 0x00000000d6080000, 0x0000000100000000)
  eden space 3072K, 0% used [0x00000000d5580000,0x00000000d5580000,0x00000000d5880000)
  from space 2560K, 93% used [0x00000000d5e00000,0x00000000d6056000,0x00000000d6080000)
  to   space 3584K, 0% used [0x00000000d5980000,0x00000000d5980000,0x00000000d5d00000)
 ParOldGen       total 1142272K, used 1141833K [0x0000000080000000, 0x00000000c5b80000, 0x00000000d5580000)
  object space 1142272K, 99% used [0x0000000080000000,0x00000000c5b12690,0x00000000c5b80000)
 Metaspace       used 86894K, committed 88640K, reserved 1179648K
  class space    used 8940K, committed 9728K, reserved 1048576K
}
Event: 2735.644 GC heap before
{Heap before GC invocations=2620 (full 4):
 PSYoungGen      total 5632K, used 5464K [0x00000000d5580000, 0x00000000d6080000, 0x0000000100000000)
  eden space 3072K, 100% used [0x00000000d5580000,0x00000000d5880000,0x00000000d5880000)
  from space 2560K, 93% used [0x00000000d5e00000,0x00000000d6056000,0x00000000d6080000)
  to   space 3584K, 0% used [0x00000000d5980000,0x00000000d5980000,0x00000000d5d00000)
 ParOldGen       total 1142272K, used 1141833K [0x0000000080000000, 0x00000000c5b80000, 0x00000000d5580000)
  object space 1142272K, 99% used [0x0000000080000000,0x00000000c5b12690,0x00000000c5b80000)
 Metaspace       used 86894K, committed 88640K, reserved 1179648K
  class space    used 8940K, committed 9728K, reserved 1048576K
}
Event: 2735.656 GC heap after
{Heap after GC invocations=2620 (full 4):
 PSYoungGen      total 5632K, used 2496K [0x00000000d5580000, 0x00000000d5e80000, 0x0000000100000000)
  eden space 3072K, 0% used [0x00000000d5580000,0x00000000d5580000,0x00000000d5880000)
  from space 2560K, 97% used [0x00000000d5980000,0x00000000d5bf0000,0x00000000d5c00000)
  to   space 2560K, 0% used [0x00000000d5c00000,0x00000000d5c00000,0x00000000d5e80000)
 ParOldGen       total 1144320K, used 1143857K [0x0000000080000000, 0x00000000c5d80000, 0x00000000d5580000)
  object space 1144320K, 99% used [0x0000000080000000,0x00000000c5d0c690,0x00000000c5d80000)
 Metaspace       used 86894K, committed 88640K, reserved 1179648K
  class space    used 8940K, committed 9728K, reserved 1048576K
}
Event: 2816.566 GC heap before
{Heap before GC invocations=2621 (full 4):
 PSYoungGen      total 5632K, used 5568K [0x00000000d5580000, 0x00000000d5e80000, 0x0000000100000000)
  eden space 3072K, 100% used [0x00000000d5580000,0x00000000d5880000,0x00000000d5880000)
  from space 2560K, 97% used [0x00000000d5980000,0x00000000d5bf0000,0x00000000d5c00000)
  to   space 2560K, 0% used [0x00000000d5c00000,0x00000000d5c00000,0x00000000d5e80000)
 ParOldGen       total 1144320K, used 1143857K [0x0000000080000000, 0x00000000c5d80000, 0x00000000d5580000)
  object space 1144320K, 99% used [0x0000000080000000,0x00000000c5d0c690,0x00000000c5d80000)
 Metaspace       used 86898K, committed 88640K, reserved 1179648K
  class space    used 8940K, committed 9728K, reserved 1048576K
}
Event: 2816.578 GC heap after
{Heap after GC invocations=2621 (full 4):
 PSYoungGen      total 3584K, used 512K [0x00000000d5580000, 0x00000000d5c80000, 0x0000000100000000)
  eden space 3072K, 0% used [0x00000000d5580000,0x00000000d5580000,0x00000000d5880000)
  from space 512K, 100% used [0x00000000d5c00000,0x00000000d5c80000,0x00000000d5c80000)
  to   space 1536K, 0% used [0x00000000d5980000,0x00000000d5980000,0x00000000d5b00000)
 ParOldGen       total 1146368K, used 1146270K [0x0000000080000000, 0x00000000c5f80000, 0x00000000d5580000)
  object space 1146368K, 99% used [0x0000000080000000,0x00000000c5f67b78,0x00000000c5f80000)
 Metaspace       used 86898K, committed 88640K, reserved 1179648K
  class space    used 8940K, committed 9728K, reserved 1048576K
}
Event: 2816.826 GC heap before
{Heap before GC invocations=2622 (full 4):
 PSYoungGen      total 3584K, used 3584K [0x00000000d5580000, 0x00000000d5c80000, 0x0000000100000000)
  eden space 3072K, 100% used [0x00000000d5580000,0x00000000d5880000,0x00000000d5880000)
  from space 512K, 100% used [0x00000000d5c00000,0x00000000d5c80000,0x00000000d5c80000)
  to   space 1536K, 0% used [0x00000000d5980000,0x00000000d5980000,0x00000000d5b00000)
 ParOldGen       total 1146368K, used 1146270K [0x0000000080000000, 0x00000000c5f80000, 0x00000000d5580000)
  object space 1146368K, 99% used [0x0000000080000000,0x00000000c5f67b78,0x00000000c5f80000)
 Metaspace       used 86910K, committed 88640K, reserved 1179648K
  class space    used 8941K, committed 9728K, reserved 1048576K
}
Event: 2816.831 GC heap after
{Heap after GC invocations=2622 (full 4):
 PSYoungGen      total 4608K, used 192K [0x00000000d5580000, 0x00000000d5c80000, 0x0000000100000000)
  eden space 3072K, 0% used [0x00000000d5580000,0x00000000d5580000,0x00000000d5880000)
  from space 1536K, 12% used [0x00000000d5980000,0x00000000d59b0000,0x00000000d5b00000)
  to   space 512K, 0% used [0x00000000d5c00000,0x00000000d5c00000,0x00000000d5c80000)
 ParOldGen       total 1146880K, used 1146586K [0x0000000080000000, 0x00000000c6000000, 0x00000000d5580000)
  object space 1146880K, 99% used [0x0000000080000000,0x00000000c5fb6b80,0x00000000c6000000)
 Metaspace       used 86910K, committed 88640K, reserved 1179648K
  class space    used 8941K, committed 9728K, reserved 1048576K
}
Event: 2865.172 GC heap before
{Heap before GC invocations=2623 (full 4):
 PSYoungGen      total 4608K, used 3264K [0x00000000d5580000, 0x00000000d5c80000, 0x0000000100000000)
  eden space 3072K, 100% used [0x00000000d5580000,0x00000000d5880000,0x00000000d5880000)
  from space 1536K, 12% used [0x00000000d5980000,0x00000000d59b0000,0x00000000d5b00000)
  to   space 512K, 0% used [0x00000000d5c00000,0x00000000d5c00000,0x00000000d5c80000)
 ParOldGen       total 1146880K, used 1146586K [0x0000000080000000, 0x00000000c6000000, 0x00000000d5580000)
  object space 1146880K, 99% used [0x0000000080000000,0x00000000c5fb6b80,0x00000000c6000000)
 Metaspace       used 86915K, committed 88640K, reserved 1179648K
  class space    used 8941K, committed 9728K, reserved 1048576K
}
Event: 2865.178 GC heap after
{Heap after GC invocations=2623 (full 4):
 PSYoungGen      total 3584K, used 352K [0x00000000d5580000, 0x00000000d5c80000, 0x0000000100000000)
  eden space 3072K, 0% used [0x00000000d5580000,0x00000000d5580000,0x00000000d5880000)
  from space 512K, 68% used [0x00000000d5c00000,0x00000000d5c58000,0x00000000d5c80000)
  to   space 512K, 0% used [0x00000000d5b80000,0x00000000d5b80000,0x00000000d5c00000)
 ParOldGen       total 1146880K, used 1146650K [0x0000000080000000, 0x00000000c6000000, 0x00000000d5580000)
  object space 1146880K, 99% used [0x0000000080000000,0x00000000c5fc6b80,0x00000000c6000000)
 Metaspace       used 86915K, committed 88640K, reserved 1179648K
  class space    used 8941K, committed 9728K, reserved 1048576K
}

